{
  "RSpec": {
    "coverage": {
      "/root/CS3300FinalProject/app/controllers/weapons_controller.rb": {
        "lines": [
          1,
          1,
          1,
          null,
          null,
          1,
          7,
          null,
          null,
          null,
          1,
          null,
          null,
          null,
          1,
          10,
          null,
          null,
          null,
          1,
          null,
          null,
          null,
          1,
          0,
          null,
          0,
          0,
          0,
          0,
          null,
          0,
          0,
          null,
          null,
          null,
          null,
          null,
          1,
          10,
          10,
          10,
          5,
          null,
          10,
          5,
          null,
          null,
          null,
          null,
          null,
          1,
          0,
          null,
          0,
          0,
          0,
          null,
          null,
          null,
          1,
          null,
          1,
          25,
          null,
          null,
          null,
          1,
          10,
          null,
          null
        ]
      },
      "/root/CS3300FinalProject/app/controllers/application_controller.rb": {
        "lines": [
          1,
          null
        ]
      },
      "/root/CS3300FinalProject/app/models/weapon.rb": {
        "lines": [
          1,
          1,
          1,
          1,
          1,
          1,
          null
        ]
      },
      "/root/CS3300FinalProject/app/channels/application_cable/channel.rb": {
        "lines": [
          0,
          0,
          0,
          0
        ],
        "branches": {
        }
      },
      "/root/CS3300FinalProject/app/channels/application_cable/connection.rb": {
        "lines": [
          0,
          0,
          0,
          0
        ],
        "branches": {
        }
      },
      "/root/CS3300FinalProject/app/helpers/application_helper.rb": {
        "lines": [
          0,
          0
        ],
        "branches": {
        }
      },
      "/root/CS3300FinalProject/app/helpers/weapons_helper.rb": {
        "lines": [
          0,
          0
        ],
        "branches": {
        }
      },
      "/root/CS3300FinalProject/app/jobs/application_job.rb": {
        "lines": [
          0,
          null,
          null,
          null,
          null,
          null,
          0
        ],
        "branches": {
        }
      },
      "/root/CS3300FinalProject/app/mailers/application_mailer.rb": {
        "lines": [
          0,
          0,
          0,
          0
        ],
        "branches": {
        }
      },
      "/root/CS3300FinalProject/app/models/application_record.rb": {
        "lines": [
          0,
          0,
          0
        ],
        "branches": {
        }
      },
      "/root/CS3300FinalProject/app/models/user.rb": {
        "lines": [
          0,
          0,
          0,
          0
        ],
        "branches": {
        }
      }
    },
    "timestamp": 1683095528
  }
}
